20190806 11:37:24 Correcto: Usuario: 1 Consulto Aplicaciones
20190806 11:37:43 Correcto: Usuario: 1 Consulto Areas
20190806 11:37:44 Error: Usuario: 1 No Consulto Diagrama ER
20190806 11:37:44 Error: Usuario: 1 No Consulto Diagrama ER
20190806 12:16:05 Correcto: Usuario: 1 Consulto Aplicaciones
20190806 12:16:38 Correcto: Usuario: 1 Consulto Aplicaciones
20190806 12:17:00 Correcto: Usuario: 1 Consulto Aplicaciones
20190806 12:47:46 Correcto: Usuario: 1 Consulto Aplicaciones
20190806 12:48:39 Correcto: Usuario: 1 Consulto Aplicaciones
20190806 12:51:21 Correcto: Usuario: 1 Consulto Aplicaciones
20190806 12:52:45 Correcto: Usuario: 1 Consulto Areas
20190806 12:52:46 Consulta correcta apliación: BD 0
20190806 12:53:49 Correcto: Usuario: 1 Consulto Areas
20190806 12:53:49 Error: Usuario: 1 No Consulto Diagrama ER
20190806 12:53:49 Error: Usuario: 1 No Consulto Diagrama ER
20190806 12:56:34 Correcto: Usuario: 1 Consulto Areas
20190806 12:56:38 Error: Usuario: 1 No Consulto Diagrama ER
20190806 12:56:39 Error: Usuario: 1 No Consulto Diagrama ER
20190806 12:57:21 Correcto: Usuario: 1 Consulto Areas
20190806 12:57:22 Error: Usuario: 1 No Consulto Diagrama ER
20190806 12:58:26 Error: Usuario: 1 No Consulto Diagrama ER
20190806 16:11:09 Correcto: Usuario: 1 Consulto Aplicaciones
20190806 16:11:58 Correcto: Usuario: 1 Consulto Areas
20190806 16:12:03 Correcto: Usuario: 1 Consulto Diagrama ER
20190806 16:12:03 Correcto: Usuario: 1 Consulto Diagrama ER
20190806 16:24:10 Correcto: Usuario: 1 Consulto Aplicaciones
20190806 16:24:20 Correcto: Usuario: 1 Consulto Areas
20190806 16:24:21 Correcto: Usuario: 1 Consulto Diagrama ER
20190806 16:24:21 Correcto: Usuario: 1 Consulto Diagrama ER
20190806 16:30:45 Correcto: Usuario: 1 Consulto Aplicaciones
20190806 16:32:27 Correcto: Usuario: 1 Consulto Areas
20190806 16:32:30 Correcto: Usuario: 1 Consulto Diagrama ER
20190806 16:32:30 Correcto: Usuario: 1 Consulto Diagrama ER
20190806 16:46:53 Correcto: Usuario: 1 Consulto Aplicaciones
20190806 16:47:20 Correcto: Usuario: 1 Consulto Aplicaciones
20190806 16:47:53 Correcto: Usuario: 1 Consulto Areas
20190806 16:54:36 Correcto: Usuario: 1 Consulto Areas
20190806 16:59:43 Correcto: Usuario: 1 Consulto Aplicaciones
20190806 17:00:08 Correcto: Usuario: 1 Consulto Areas
20190806 17:07:51 Correcto: Usuario: 1 Consulto Areas
